{
  "stats": {
    "suites": 1,
    "tests": 5,
    "passes": 5,
    "pending": 0,
    "failures": 0,
    "start": "2021-09-24T10:28:05.787Z",
    "end": "2021-09-24T10:28:41.225Z",
    "duration": 35438,
    "testsRegistered": 5,
    "passPercent": 100,
    "pendingPercent": 0,
    "other": 0,
    "hasOther": false,
    "skipped": 0,
    "hasSkipped": false
  },
  "results": [
    {
      "uuid": "70e5c960-29cf-4107-947d-d5f82954bafc",
      "title": "",
      "fullFile": "cypress/integration/regressionpageobjects.spec.js",
      "file": "cypress/integration/regressionpageobjects.spec.js",
      "beforeHooks": [],
      "afterHooks": [],
      "tests": [],
      "suites": [
        {
          "uuid": "973591b8-856f-4678-9f3d-e2c865f755a7",
          "title": " Test suite",
          "fullFile": "",
          "file": "",
          "beforeHooks": [],
          "afterHooks": [],
          "tests": [
            {
              "title": "login, visit pages and logut",
              "fullTitle": " Test suite login, visit pages and logut",
              "timedOut": null,
              "duration": 12144,
              "state": "passed",
              "speed": "slow",
              "pass": true,
              "fail": false,
              "pending": false,
              "context": null,
              "code": "indexfunctions.performValidLogin(cy, targets.username, targets.password, 'Tester Hotel Overview');\ndashBoardfunctions.rooms(cy, 'Rooms');\ndashBoardfunctions.clients(cy, 'Clients');\ndashBoardfunctions.bills(cy, 'Bills');\ndashBoardfunctions.reservations(cy, 'Reservations');\ndashBoardfunctions.logout(cy, 'Login');",
              "err": {},
              "uuid": "bc907424-4ee1-4864-9299-8359dc1c1a79",
              "parentUUID": "973591b8-856f-4678-9f3d-e2c865f755a7",
              "isHook": false,
              "skipped": false
            },
            {
              "title": "edit room",
              "fullTitle": " Test suite edit room",
              "timedOut": null,
              "duration": 5432,
              "state": "passed",
              "speed": "slow",
              "pass": true,
              "fail": false,
              "pending": false,
              "context": null,
              "code": "indexfunctions.performValidLogin(cy, targets.username, targets.password, 'Tester Hotel Overview');\ndashBoardfunctions.rooms(cy, 'Rooms');\nroomsPagefunctions.editrooms(cy, 'Rooms');",
              "err": {},
              "uuid": "47f2a9be-ee29-48da-adae-8c7e15854edb",
              "parentUUID": "973591b8-856f-4678-9f3d-e2c865f755a7",
              "isHook": false,
              "skipped": false
            },
            {
              "title": "create client",
              "fullTitle": " Test suite create client",
              "timedOut": null,
              "duration": 5117,
              "state": "passed",
              "speed": "slow",
              "pass": true,
              "fail": false,
              "pending": false,
              "context": null,
              "code": "indexfunctions.performValidLogin(cy, targets.username, targets.password, 'Tester Hotel Overview');\ndashBoardfunctions.clients(cy, 'Clients');\nclientsPagefunctions.createClient(cy, 'Clients');",
              "err": {},
              "uuid": "de10a973-27e5-45d6-b72d-67cf7ec69db3",
              "parentUUID": "973591b8-856f-4678-9f3d-e2c865f755a7",
              "isHook": false,
              "skipped": false
            },
            {
              "title": "create bill and delete it",
              "fullTitle": " Test suite create bill and delete it",
              "timedOut": null,
              "duration": 4826,
              "state": "passed",
              "speed": "slow",
              "pass": true,
              "fail": false,
              "pending": false,
              "context": null,
              "code": "indexfunctions.performValidLogin(cy, targets.username, targets.password, 'Tester Hotel Overview');\ndashBoardfunctions.bills(cy, 'Bills');\nbillsPagefunctions.createBillandDelete(cy, 'Bills');",
              "err": {},
              "uuid": "a705dae0-7b7d-438a-9f45-defd8dbe9069",
              "parentUUID": "973591b8-856f-4678-9f3d-e2c865f755a7",
              "isHook": false,
              "skipped": false
            },
            {
              "title": "create reservation",
              "fullTitle": " Test suite create reservation",
              "timedOut": null,
              "duration": 5448,
              "state": "passed",
              "speed": "slow",
              "pass": true,
              "fail": false,
              "pending": false,
              "context": null,
              "code": "indexfunctions.performValidLogin(cy, targets.username, targets.password, 'Tester Hotel Overview');\ndashBoardfunctions.reservations(cy, 'Reservations');\nreservationsPagefunctions.createaReservation(cy, 'Reservations');",
              "err": {},
              "uuid": "13e44987-ee85-4c80-8952-fa96a6b773ac",
              "parentUUID": "973591b8-856f-4678-9f3d-e2c865f755a7",
              "isHook": false,
              "skipped": false
            }
          ],
          "suites": [],
          "passes": [
            "bc907424-4ee1-4864-9299-8359dc1c1a79",
            "47f2a9be-ee29-48da-adae-8c7e15854edb",
            "de10a973-27e5-45d6-b72d-67cf7ec69db3",
            "a705dae0-7b7d-438a-9f45-defd8dbe9069",
            "13e44987-ee85-4c80-8952-fa96a6b773ac"
          ],
          "failures": [],
          "pending": [],
          "skipped": [],
          "duration": 32967,
          "root": false,
          "rootEmpty": false,
          "_timeout": 2000
        }
      ],
      "passes": [],
      "failures": [],
      "pending": [],
      "skipped": [],
      "duration": 0,
      "root": true,
      "rootEmpty": true,
      "_timeout": 2000
    }
  ],
  "meta": {
    "mocha": {
      "version": "7.0.1"
    },
    "mochawesome": {
      "options": {
        "quiet": false,
        "reportFilename": "mochawesome",
        "saveHtml": true,
        "saveJson": true,
        "consoleReporter": "spec",
        "useInlineDiffs": false,
        "code": true
      },
      "version": "6.2.2"
    },
    "marge": {
      "options": null,
      "version": "5.2.0"
    }
  }
}