{
  "stats": {
    "suites": 1,
    "tests": 2,
    "passes": 2,
    "pending": 0,
    "failures": 0,
    "start": "2021-10-14T15:16:20.331Z",
    "end": "2021-10-14T15:16:41.128Z",
    "duration": 20797,
    "testsRegistered": 2,
    "passPercent": 100,
    "pendingPercent": 0,
    "other": 0,
    "hasOther": false,
    "skipped": 0,
    "hasSkipped": false
  },
  "results": [
    {
      "uuid": "650dcc13-fc6c-4bff-8fa8-bbeb01f8dedf",
      "title": "",
      "fullFile": "cypress/integration/regressionpageobjects2.spec.js",
      "file": "cypress/integration/regressionpageobjects2.spec.js",
      "beforeHooks": [],
      "afterHooks": [],
      "tests": [],
      "suites": [
        {
          "uuid": "720ea289-33ad-4870-82d9-df30c7cae1f1",
          "title": " Test suite 2",
          "fullFile": "",
          "file": "",
          "beforeHooks": [],
          "afterHooks": [],
          "tests": [
            {
              "title": "create bill and delete it",
              "fullTitle": " Test suite 2 create bill and delete it",
              "timedOut": null,
              "duration": 10606,
              "state": "passed",
              "speed": "slow",
              "pass": true,
              "fail": false,
              "pending": false,
              "context": null,
              "code": "indexfunctions.performValidLogin(cy, targets.username, targets.password, 'Tester Hotel Overview');\ndashBoardfunctions.bills(cy, 'Bills');\nbillsPagefunctions.createBillandDelete(cy, 'Bills');",
              "err": {},
              "uuid": "bdc39bf0-2ffc-4acd-af83-8515b1f85354",
              "parentUUID": "720ea289-33ad-4870-82d9-df30c7cae1f1",
              "isHook": false,
              "skipped": false
            },
            {
              "title": "create reservation",
              "fullTitle": " Test suite 2 create reservation",
              "timedOut": null,
              "duration": 7498,
              "state": "passed",
              "speed": "slow",
              "pass": true,
              "fail": false,
              "pending": false,
              "context": null,
              "code": "indexfunctions.performValidLogin(cy, targets.username, targets.password, 'Tester Hotel Overview');\ndashBoardfunctions.reservations(cy, 'Reservations');\nreservationsPagefunctions.createaReservation(cy, 'Reservations');",
              "err": {},
              "uuid": "66496283-b5d6-4be1-b6ca-f2b7e19fd5b1",
              "parentUUID": "720ea289-33ad-4870-82d9-df30c7cae1f1",
              "isHook": false,
              "skipped": false
            }
          ],
          "suites": [],
          "passes": [
            "bdc39bf0-2ffc-4acd-af83-8515b1f85354",
            "66496283-b5d6-4be1-b6ca-f2b7e19fd5b1"
          ],
          "failures": [],
          "pending": [],
          "skipped": [],
          "duration": 18104,
          "root": false,
          "rootEmpty": false,
          "_timeout": 2000
        }
      ],
      "passes": [],
      "failures": [],
      "pending": [],
      "skipped": [],
      "duration": 0,
      "root": true,
      "rootEmpty": true,
      "_timeout": 2000
    }
  ],
  "meta": {
    "mocha": {
      "version": "7.0.1"
    },
    "mochawesome": {
      "options": {
        "quiet": false,
        "reportFilename": "mochawesome",
        "saveHtml": false,
        "saveJson": true,
        "consoleReporter": "spec",
        "useInlineDiffs": false,
        "code": true
      },
      "version": "6.2.2"
    },
    "marge": {
      "options": {
        "charts": true,
        "overwrite": false,
        "html": false,
        "json": true,
        "reportDir": "cypress/report/mochawesome-report"
      },
      "version": "5.2.0"
    }
  }
}