{
  "stats": {
    "suites": 1,
    "tests": 4,
    "passes": 4,
    "pending": 0,
    "failures": 0,
    "start": "2021-10-25T20:24:36.591Z",
    "end": "2021-10-25T20:25:13.787Z",
    "duration": 37196,
    "testsRegistered": 4,
    "passPercent": 100,
    "pendingPercent": 0,
    "other": 0,
    "hasOther": false,
    "skipped": 0,
    "hasSkipped": false
  },
  "results": [
    {
      "uuid": "9b222907-ed7b-480d-a85c-1b61e210d090",
      "title": "",
      "fullFile": "cypress/integration/regressionpageobjects2.spec.js",
      "file": "cypress/integration/regressionpageobjects2.spec.js",
      "beforeHooks": [],
      "afterHooks": [],
      "tests": [],
      "suites": [
        {
          "uuid": "5ac9b9cd-75b7-4034-88d1-f6abeb887f9e",
          "title": " Test suite 2",
          "fullFile": "",
          "file": "",
          "beforeHooks": [],
          "afterHooks": [],
          "tests": [
            {
              "title": "edit client",
              "fullTitle": " Test suite 2 edit client",
              "timedOut": null,
              "duration": 8628,
              "state": "passed",
              "speed": "slow",
              "pass": true,
              "fail": false,
              "pending": false,
              "context": null,
              "code": "indexfunctions.performValidLogin(cy, targets.username, targets.password, 'Tester Hotel Overview');\nclientsPagefunctions.editClient(cy, 'Clients');",
              "err": {},
              "uuid": "aadc9b2d-b008-43a3-b73f-94848dc2cedd",
              "parentUUID": "5ac9b9cd-75b7-4034-88d1-f6abeb887f9e",
              "isHook": false,
              "skipped": false
            },
            {
              "title": "create room",
              "fullTitle": " Test suite 2 create room",
              "timedOut": null,
              "duration": 8320,
              "state": "passed",
              "speed": "slow",
              "pass": true,
              "fail": false,
              "pending": false,
              "context": null,
              "code": "indexfunctions.performValidLogin(cy, targets.username, targets.password, 'Tester Hotel Overview');\nroomsPagefunctions.createaroom(cy, 'Rooms');",
              "err": {},
              "uuid": "ee073c28-7462-4830-8485-0a0efd89795d",
              "parentUUID": "5ac9b9cd-75b7-4034-88d1-f6abeb887f9e",
              "isHook": false,
              "skipped": false
            },
            {
              "title": "create bill",
              "fullTitle": " Test suite 2 create bill",
              "timedOut": null,
              "duration": 7477,
              "state": "passed",
              "speed": "slow",
              "pass": true,
              "fail": false,
              "pending": false,
              "context": null,
              "code": "indexfunctions.performValidLogin(cy, targets.username, targets.password, 'Tester Hotel Overview');\nbillsPagefunctions.createBill(cy, 'Bills');",
              "err": {},
              "uuid": "8b788e78-5e12-4804-80c1-52627cf73276",
              "parentUUID": "5ac9b9cd-75b7-4034-88d1-f6abeb887f9e",
              "isHook": false,
              "skipped": false
            },
            {
              "title": "create reservation to delete",
              "fullTitle": " Test suite 2 create reservation to delete",
              "timedOut": null,
              "duration": 9440,
              "state": "passed",
              "speed": "slow",
              "pass": true,
              "fail": false,
              "pending": false,
              "context": null,
              "code": "indexfunctions.performValidLogin(cy, targets.username, targets.password, 'Tester Hotel Overview');\nreservationsPagefunctions.createaReservationtodelete(cy, 'Reservations');",
              "err": {},
              "uuid": "de9ab22f-e305-4a1e-a76a-fc9a3ee41f01",
              "parentUUID": "5ac9b9cd-75b7-4034-88d1-f6abeb887f9e",
              "isHook": false,
              "skipped": false
            }
          ],
          "suites": [],
          "passes": [
            "aadc9b2d-b008-43a3-b73f-94848dc2cedd",
            "ee073c28-7462-4830-8485-0a0efd89795d",
            "8b788e78-5e12-4804-80c1-52627cf73276",
            "de9ab22f-e305-4a1e-a76a-fc9a3ee41f01"
          ],
          "failures": [],
          "pending": [],
          "skipped": [],
          "duration": 33865,
          "root": false,
          "rootEmpty": false,
          "_timeout": 2000
        }
      ],
      "passes": [],
      "failures": [],
      "pending": [],
      "skipped": [],
      "duration": 0,
      "root": true,
      "rootEmpty": true,
      "_timeout": 2000
    }
  ],
  "meta": {
    "mocha": {
      "version": "7.0.1"
    },
    "mochawesome": {
      "options": {
        "quiet": false,
        "reportFilename": "mochawesome",
        "saveHtml": false,
        "saveJson": true,
        "consoleReporter": "spec",
        "useInlineDiffs": false,
        "code": true
      },
      "version": "6.2.2"
    },
    "marge": {
      "options": {
        "charts": true,
        "overwrite": false,
        "html": false,
        "json": true,
        "reportDir": "cypress/report/mochawesome-report"
      },
      "version": "5.2.0"
    }
  }
}