{
  "stats": {
    "suites": 1,
    "tests": 8,
    "passes": 8,
    "pending": 0,
    "failures": 0,
    "start": "2021-10-14T15:13:27.490Z",
    "end": "2021-10-14T15:13:38.562Z",
    "duration": 11072,
    "testsRegistered": 8,
    "passPercent": 100,
    "pendingPercent": 0,
    "other": 0,
    "hasOther": false,
    "skipped": 0,
    "hasSkipped": false
  },
  "results": [
    {
      "uuid": "d18bd776-9b83-490c-8a65-8520d9af4c55",
      "title": "",
      "fullFile": "cypress/integration/editRoom.spec.js",
      "file": "cypress/integration/editRoom.spec.js",
      "beforeHooks": [],
      "afterHooks": [],
      "tests": [],
      "suites": [
        {
          "uuid": "884c33c5-f1da-4ef0-899f-5939614e0744",
          "title": "Edit room",
          "fullFile": "",
          "file": "",
          "beforeHooks": [],
          "afterHooks": [],
          "tests": [
            {
              "title": "Start the system",
              "fullTitle": "Edit room Start the system",
              "timedOut": null,
              "duration": 1899,
              "state": "passed",
              "speed": "slow",
              "pass": true,
              "fail": false,
              "pending": false,
              "context": null,
              "code": "// Går in på webbsidan\ncy.visit('http://localhost:3000');",
              "err": {},
              "uuid": "6543a35c-8f19-496e-be29-43b7cb697738",
              "parentUUID": "884c33c5-f1da-4ef0-899f-5939614e0744",
              "isHook": false,
              "skipped": false
            },
            {
              "title": "See if you are on the right website",
              "fullTitle": "Edit room See if you are on the right website",
              "timedOut": null,
              "duration": 268,
              "state": "passed",
              "speed": "slow",
              "pass": true,
              "fail": false,
              "pending": false,
              "context": null,
              "code": "// Kolla om man har kommit rött\ncy.title().should('include', 'Tester');\ncy.contains('Login');",
              "err": {},
              "uuid": "fc008fb4-81e4-454e-829e-0c8a2bb39886",
              "parentUUID": "884c33c5-f1da-4ef0-899f-5939614e0744",
              "isHook": false,
              "skipped": false
            },
            {
              "title": "log on to the site",
              "fullTitle": "Edit room log on to the site",
              "timedOut": null,
              "duration": 2019,
              "state": "passed",
              "speed": "slow",
              "pass": true,
              "fail": false,
              "pending": false,
              "context": null,
              "code": "// Loggarin\ncy.get(':nth-child(1) > input').type('tester01');\ncy.get(':nth-child(2) > input').type('GteteqbQQgSr88SwNExUQv2ydb7xuf8c');\ncy.get('.btn').click();",
              "err": {},
              "uuid": "3b92ebae-4831-40bd-922f-6824c34a1cf7",
              "parentUUID": "884c33c5-f1da-4ef0-899f-5939614e0744",
              "isHook": false,
              "skipped": false
            },
            {
              "title": "See if you are logged in",
              "fullTitle": "Edit room See if you are logged in",
              "timedOut": null,
              "duration": 634,
              "state": "passed",
              "speed": "slow",
              "pass": true,
              "fail": false,
              "pending": false,
              "context": null,
              "code": "// Kollar om man har loggats in\ncy.contains('Logout');",
              "err": {},
              "uuid": "8c930cec-1c1f-45f4-a8be-0bbb9744f0e7",
              "parentUUID": "884c33c5-f1da-4ef0-899f-5939614e0744",
              "isHook": false,
              "skipped": false
            },
            {
              "title": "visit rooms",
              "fullTitle": "Edit room visit rooms",
              "timedOut": null,
              "duration": 764,
              "state": "passed",
              "speed": "slow",
              "pass": true,
              "fail": false,
              "pending": false,
              "context": null,
              "code": "cy.get(':nth-child(1) > .btn').click();",
              "err": {},
              "uuid": "10629e62-2fa7-42bc-b63d-1c186db4cdaf",
              "parentUUID": "884c33c5-f1da-4ef0-899f-5939614e0744",
              "isHook": false,
              "skipped": false
            },
            {
              "title": "edit room",
              "fullTitle": "Edit room edit room",
              "timedOut": null,
              "duration": 1650,
              "state": "passed",
              "speed": "slow",
              "pass": true,
              "fail": false,
              "pending": false,
              "context": null,
              "code": "cy.get(':nth-child(1) > .action > img').click();\ncy.get('.menu > :nth-child(1)').click();\ncy.get(':nth-child(4) > input').type('32');\ncy.get('.blue').click();",
              "err": {},
              "uuid": "801142c6-8ab9-47dc-b677-5dd2bb443bd0",
              "parentUUID": "884c33c5-f1da-4ef0-899f-5939614e0744",
              "isHook": false,
              "skipped": false
            },
            {
              "title": "Logging out",
              "fullTitle": "Edit room Logging out",
              "timedOut": null,
              "duration": 534,
              "state": "passed",
              "speed": "slow",
              "pass": true,
              "fail": false,
              "pending": false,
              "context": null,
              "code": "// Loggar ut\ncy.get('.user > .btn').click();",
              "err": {},
              "uuid": "03b1b96b-9176-4197-bdbd-98d213cfab99",
              "parentUUID": "884c33c5-f1da-4ef0-899f-5939614e0744",
              "isHook": false,
              "skipped": false
            },
            {
              "title": "See if you are logged out",
              "fullTitle": "Edit room See if you are logged out",
              "timedOut": null,
              "duration": 236,
              "state": "passed",
              "speed": "slow",
              "pass": true,
              "fail": false,
              "pending": false,
              "context": null,
              "code": "// Kolla om man har blivit utloggad\ncy.contains('Login');",
              "err": {},
              "uuid": "d3a0cfd3-555f-440d-930b-4254d0a8b791",
              "parentUUID": "884c33c5-f1da-4ef0-899f-5939614e0744",
              "isHook": false,
              "skipped": false
            }
          ],
          "suites": [],
          "passes": [
            "6543a35c-8f19-496e-be29-43b7cb697738",
            "fc008fb4-81e4-454e-829e-0c8a2bb39886",
            "3b92ebae-4831-40bd-922f-6824c34a1cf7",
            "8c930cec-1c1f-45f4-a8be-0bbb9744f0e7",
            "10629e62-2fa7-42bc-b63d-1c186db4cdaf",
            "801142c6-8ab9-47dc-b677-5dd2bb443bd0",
            "03b1b96b-9176-4197-bdbd-98d213cfab99",
            "d3a0cfd3-555f-440d-930b-4254d0a8b791"
          ],
          "failures": [],
          "pending": [],
          "skipped": [],
          "duration": 8004,
          "root": false,
          "rootEmpty": false,
          "_timeout": 2000
        }
      ],
      "passes": [],
      "failures": [],
      "pending": [],
      "skipped": [],
      "duration": 0,
      "root": true,
      "rootEmpty": true,
      "_timeout": 2000
    }
  ],
  "meta": {
    "mocha": {
      "version": "7.0.1"
    },
    "mochawesome": {
      "options": {
        "quiet": false,
        "reportFilename": "mochawesome",
        "saveHtml": false,
        "saveJson": true,
        "consoleReporter": "spec",
        "useInlineDiffs": false,
        "code": true
      },
      "version": "6.2.2"
    },
    "marge": {
      "options": {
        "charts": true,
        "overwrite": false,
        "html": false,
        "json": true,
        "reportDir": "cypress/report/mochawesome-report"
      },
      "version": "5.2.0"
    }
  }
}