{
  "stats": {
    "suites": 1,
    "tests": 5,
    "passes": 5,
    "pending": 0,
    "failures": 0,
    "start": "2021-10-19T13:21:11.848Z",
    "end": "2021-10-19T13:22:05.008Z",
    "duration": 53160,
    "testsRegistered": 5,
    "passPercent": 100,
    "pendingPercent": 0,
    "other": 0,
    "hasOther": false,
    "skipped": 0,
    "hasSkipped": false
  },
  "results": [
    {
      "uuid": "3fb2f65a-030a-4ce1-b9c4-0b03cc82b80f",
      "title": "",
      "fullFile": "cypress/integration/regressionpageobjects.spec.js",
      "file": "cypress/integration/regressionpageobjects.spec.js",
      "beforeHooks": [],
      "afterHooks": [],
      "tests": [],
      "suites": [
        {
          "uuid": "d0b7e1e2-8ea1-4bf2-a0b7-054aa12e8091",
          "title": " Test suite",
          "fullFile": "",
          "file": "",
          "beforeHooks": [],
          "afterHooks": [],
          "tests": [
            {
              "title": "login, visit pages and logut",
              "fullTitle": " Test suite login, visit pages and logut",
              "timedOut": null,
              "duration": 15517,
              "state": "passed",
              "speed": "slow",
              "pass": true,
              "fail": false,
              "pending": false,
              "context": null,
              "code": "indexfunctions.performValidLogin(cy, targets.username, targets.password, 'Tester Hotel Overview');\ndashBoardfunctions.rooms(cy, 'Rooms');\ndashBoardfunctions.clients(cy, 'Clients');\ndashBoardfunctions.bills(cy, 'Bills');\ndashBoardfunctions.reservations(cy, 'Reservations');\ndashBoardfunctions.logout(cy, 'Login');",
              "err": {},
              "uuid": "9bf823bd-886e-477e-8b49-4e33960c7cd1",
              "parentUUID": "d0b7e1e2-8ea1-4bf2-a0b7-054aa12e8091",
              "isHook": false,
              "skipped": false
            },
            {
              "title": "edit room",
              "fullTitle": " Test suite edit room",
              "timedOut": null,
              "duration": 5364,
              "state": "passed",
              "speed": "slow",
              "pass": true,
              "fail": false,
              "pending": false,
              "context": null,
              "code": "indexfunctions.performValidLogin(cy, targets.username, targets.password, 'Tester Hotel Overview');\nroomsPagefunctions.editrooms(cy, 'Rooms');",
              "err": {},
              "uuid": "941be816-366f-4eeb-8bc7-c9907b603d66",
              "parentUUID": "d0b7e1e2-8ea1-4bf2-a0b7-054aa12e8091",
              "isHook": false,
              "skipped": false
            },
            {
              "title": "create client",
              "fullTitle": " Test suite create client",
              "timedOut": null,
              "duration": 10112,
              "state": "passed",
              "speed": "slow",
              "pass": true,
              "fail": false,
              "pending": false,
              "context": null,
              "code": "indexfunctions.performValidLogin(cy, targets.username, targets.password, 'Tester Hotel Overview');\nclientsPagefunctions.createClient(cy, 'Clients');",
              "err": {},
              "uuid": "f7cf5dc5-38af-4900-9732-1834f28bc21a",
              "parentUUID": "d0b7e1e2-8ea1-4bf2-a0b7-054aa12e8091",
              "isHook": false,
              "skipped": false
            },
            {
              "title": "create bill and delete it",
              "fullTitle": " Test suite create bill and delete it",
              "timedOut": null,
              "duration": 7847,
              "state": "passed",
              "speed": "slow",
              "pass": true,
              "fail": false,
              "pending": false,
              "context": null,
              "code": "indexfunctions.performValidLogin(cy, targets.username, targets.password, 'Tester Hotel Overview');\nbillsPagefunctions.createBillandDelete(cy, 'Bills');",
              "err": {},
              "uuid": "9c48e20e-5c93-4f0b-8eca-4544ac88692c",
              "parentUUID": "d0b7e1e2-8ea1-4bf2-a0b7-054aa12e8091",
              "isHook": false,
              "skipped": false
            },
            {
              "title": "create reservation",
              "fullTitle": " Test suite create reservation",
              "timedOut": null,
              "duration": 6485,
              "state": "passed",
              "speed": "slow",
              "pass": true,
              "fail": false,
              "pending": false,
              "context": null,
              "code": "indexfunctions.performValidLogin(cy, targets.username, targets.password, 'Tester Hotel Overview');\nreservationsPagefunctions.createaReservation(cy, 'Reservations');",
              "err": {},
              "uuid": "08417c85-8f90-477a-a813-fd95ffa2107f",
              "parentUUID": "d0b7e1e2-8ea1-4bf2-a0b7-054aa12e8091",
              "isHook": false,
              "skipped": false
            }
          ],
          "suites": [],
          "passes": [
            "9bf823bd-886e-477e-8b49-4e33960c7cd1",
            "941be816-366f-4eeb-8bc7-c9907b603d66",
            "f7cf5dc5-38af-4900-9732-1834f28bc21a",
            "9c48e20e-5c93-4f0b-8eca-4544ac88692c",
            "08417c85-8f90-477a-a813-fd95ffa2107f"
          ],
          "failures": [],
          "pending": [],
          "skipped": [],
          "duration": 45325,
          "root": false,
          "rootEmpty": false,
          "_timeout": 2000
        }
      ],
      "passes": [],
      "failures": [],
      "pending": [],
      "skipped": [],
      "duration": 0,
      "root": true,
      "rootEmpty": true,
      "_timeout": 2000
    }
  ],
  "meta": {
    "mocha": {
      "version": "7.0.1"
    },
    "mochawesome": {
      "options": {
        "quiet": false,
        "reportFilename": "mochawesome",
        "saveHtml": false,
        "saveJson": true,
        "consoleReporter": "spec",
        "useInlineDiffs": false,
        "code": true
      },
      "version": "6.2.2"
    },
    "marge": {
      "options": {
        "charts": true,
        "overwrite": false,
        "html": false,
        "json": true,
        "reportDir": "cypress/report/mochawesome-report"
      },
      "version": "5.2.0"
    }
  }
}