{
  "stats": {
    "suites": 1,
    "tests": 3,
    "passes": 3,
    "pending": 0,
    "failures": 0,
    "start": "2021-10-28T12:56:48.670Z",
    "end": "2021-10-28T12:57:14.618Z",
    "duration": 25948,
    "testsRegistered": 3,
    "passPercent": 100,
    "pendingPercent": 0,
    "other": 0,
    "hasOther": false,
    "skipped": 0,
    "hasSkipped": false
  },
  "results": [
    {
      "uuid": "b73cc605-4d79-4ab8-8fae-fab4660331df",
      "title": "",
      "fullFile": "cypress/integration/regressionpageobjects3.spec.js",
      "file": "cypress/integration/regressionpageobjects3.spec.js",
      "beforeHooks": [],
      "afterHooks": [],
      "tests": [],
      "suites": [
        {
          "uuid": "098a9e3c-382c-4d80-afd1-e8f8c8e4c7fd",
          "title": " Test suite",
          "fullFile": "",
          "file": "",
          "beforeHooks": [],
          "afterHooks": [],
          "tests": [
            {
              "title": "create bill and delete it",
              "fullTitle": " Test suite create bill and delete it",
              "timedOut": null,
              "duration": 8543,
              "state": "passed",
              "speed": "slow",
              "pass": true,
              "fail": false,
              "pending": false,
              "context": null,
              "code": "indexfunctions.performValidLogin(cy, targets.username, targets.password, 'Tester Hotel Overview');\nbillsPagefunctions.createBillandDelete(cy, 'Bills');\ndashBoardfunctions.logout(cy, 'Login');",
              "err": {},
              "uuid": "db0cd33b-9fb8-4d71-80ea-f49a4674e332",
              "parentUUID": "098a9e3c-382c-4d80-afd1-e8f8c8e4c7fd",
              "isHook": false,
              "skipped": false
            },
            {
              "title": "create client and delete it",
              "fullTitle": " Test suite create client and delete it",
              "timedOut": null,
              "duration": 5701,
              "state": "passed",
              "speed": "slow",
              "pass": true,
              "fail": false,
              "pending": false,
              "context": null,
              "code": "indexfunctions.performValidLogin(cy, targets.username, targets.password, 'Tester Hotel Overview');\nclientsPagefunctions.createclientanddelete(cy, 'Clients');\ndashBoardfunctions.logout(cy, 'Login');",
              "err": {},
              "uuid": "a40a7049-f962-42ce-be59-f35e92ec1da4",
              "parentUUID": "098a9e3c-382c-4d80-afd1-e8f8c8e4c7fd",
              "isHook": false,
              "skipped": false
            },
            {
              "title": "create reservation",
              "fullTitle": " Test suite create reservation",
              "timedOut": null,
              "duration": 7335,
              "state": "passed",
              "speed": "slow",
              "pass": true,
              "fail": false,
              "pending": false,
              "context": null,
              "code": "indexfunctions.performValidLogin(cy, targets.username, targets.password, 'Tester Hotel Overview');\nreservationsPagefunctions.createreservation(cy, 'Reservations');\ndashBoardfunctions.logout(cy, 'Login');",
              "err": {},
              "uuid": "33b655bd-1a35-4640-96b7-6ffdc54ec898",
              "parentUUID": "098a9e3c-382c-4d80-afd1-e8f8c8e4c7fd",
              "isHook": false,
              "skipped": false
            }
          ],
          "suites": [],
          "passes": [
            "db0cd33b-9fb8-4d71-80ea-f49a4674e332",
            "a40a7049-f962-42ce-be59-f35e92ec1da4",
            "33b655bd-1a35-4640-96b7-6ffdc54ec898"
          ],
          "failures": [],
          "pending": [],
          "skipped": [],
          "duration": 21579,
          "root": false,
          "rootEmpty": false,
          "_timeout": 2000
        }
      ],
      "passes": [],
      "failures": [],
      "pending": [],
      "skipped": [],
      "duration": 0,
      "root": true,
      "rootEmpty": true,
      "_timeout": 2000
    }
  ],
  "meta": {
    "mocha": {
      "version": "7.0.1"
    },
    "mochawesome": {
      "options": {
        "quiet": false,
        "reportFilename": "mochawesome",
        "saveHtml": false,
        "saveJson": true,
        "consoleReporter": "spec",
        "useInlineDiffs": false,
        "code": true
      },
      "version": "6.2.2"
    },
    "marge": {
      "options": {
        "charts": true,
        "overwrite": false,
        "html": false,
        "json": true,
        "reportDir": "cypress/report/mochawesome-report"
      },
      "version": "5.2.0"
    }
  }
}