{
  "stats": {
    "suites": 1,
    "tests": 3,
    "passes": 3,
    "pending": 0,
    "failures": 0,
    "start": "2021-10-25T20:22:37.652Z",
    "end": "2021-10-25T20:23:13.275Z",
    "duration": 35623,
    "testsRegistered": 3,
    "passPercent": 100,
    "pendingPercent": 0,
    "other": 0,
    "hasOther": false,
    "skipped": 0,
    "hasSkipped": false
  },
  "results": [
    {
      "uuid": "3baa1720-eda6-462f-9243-14a202bb78d8",
      "title": "",
      "fullFile": "cypress/integration/regressionpageobjects.spec.js",
      "file": "cypress/integration/regressionpageobjects.spec.js",
      "beforeHooks": [],
      "afterHooks": [],
      "tests": [],
      "suites": [
        {
          "uuid": "33e8140f-c346-4360-8778-f438d23fcda3",
          "title": " Test suite",
          "fullFile": "",
          "file": "",
          "beforeHooks": [],
          "afterHooks": [],
          "tests": [
            {
              "title": "login, visit pages and logut",
              "fullTitle": " Test suite login, visit pages and logut",
              "timedOut": null,
              "duration": 15859,
              "state": "passed",
              "speed": "slow",
              "pass": true,
              "fail": false,
              "pending": false,
              "context": null,
              "code": "indexfunctions.performValidLogin(cy, targets.username, targets.password, 'Tester Hotel Overview');\ndashBoardfunctions.rooms(cy, 'Rooms');\ndashBoardfunctions.clients(cy, 'Clients');\ndashBoardfunctions.bills(cy, 'Bills');\ndashBoardfunctions.reservations(cy, 'Reservations');\ndashBoardfunctions.logout(cy, 'Login');",
              "err": {},
              "uuid": "2a4c9d9c-0732-42dd-bb54-8f7df4941a03",
              "parentUUID": "33e8140f-c346-4360-8778-f438d23fcda3",
              "isHook": false,
              "skipped": false
            },
            {
              "title": "edit room",
              "fullTitle": " Test suite edit room",
              "timedOut": null,
              "duration": 5881,
              "state": "passed",
              "speed": "slow",
              "pass": true,
              "fail": false,
              "pending": false,
              "context": null,
              "code": "indexfunctions.performValidLogin(cy, targets.username, targets.password, 'Tester Hotel Overview');\nroomsPagefunctions.editrooms(cy, 'Rooms');",
              "err": {},
              "uuid": "7391e4e3-c446-47cd-a90d-ef60af6a585e",
              "parentUUID": "33e8140f-c346-4360-8778-f438d23fcda3",
              "isHook": false,
              "skipped": false
            },
            {
              "title": "create client",
              "fullTitle": " Test suite create client",
              "timedOut": null,
              "duration": 9879,
              "state": "passed",
              "speed": "slow",
              "pass": true,
              "fail": false,
              "pending": false,
              "context": null,
              "code": "indexfunctions.performValidLogin(cy, targets.username, targets.password, 'Tester Hotel Overview');\nclientsPagefunctions.createClient(cy, 'Clients');",
              "err": {},
              "uuid": "0a845e1e-6a7d-4391-93ca-ee9e599634c4",
              "parentUUID": "33e8140f-c346-4360-8778-f438d23fcda3",
              "isHook": false,
              "skipped": false
            }
          ],
          "suites": [],
          "passes": [
            "2a4c9d9c-0732-42dd-bb54-8f7df4941a03",
            "7391e4e3-c446-47cd-a90d-ef60af6a585e",
            "0a845e1e-6a7d-4391-93ca-ee9e599634c4"
          ],
          "failures": [],
          "pending": [],
          "skipped": [],
          "duration": 31619,
          "root": false,
          "rootEmpty": false,
          "_timeout": 2000
        }
      ],
      "passes": [],
      "failures": [],
      "pending": [],
      "skipped": [],
      "duration": 0,
      "root": true,
      "rootEmpty": true,
      "_timeout": 2000
    }
  ],
  "meta": {
    "mocha": {
      "version": "7.0.1"
    },
    "mochawesome": {
      "options": {
        "quiet": false,
        "reportFilename": "mochawesome",
        "saveHtml": false,
        "saveJson": true,
        "consoleReporter": "spec",
        "useInlineDiffs": false,
        "code": true
      },
      "version": "6.2.2"
    },
    "marge": {
      "options": {
        "charts": true,
        "overwrite": false,
        "html": false,
        "json": true,
        "reportDir": "cypress/report/mochawesome-report"
      },
      "version": "5.2.0"
    }
  }
}