{
  "stats": {
    "suites": 1,
    "tests": 4,
    "passes": 4,
    "pending": 0,
    "failures": 0,
    "start": "2021-10-28T19:30:30.931Z",
    "end": "2021-10-28T19:30:59.000Z",
    "duration": 28069,
    "testsRegistered": 4,
    "passPercent": 100,
    "pendingPercent": 0,
    "other": 0,
    "hasOther": false,
    "skipped": 0,
    "hasSkipped": false
  },
  "results": [
    {
      "uuid": "c9dda3bd-7f51-4f81-b2a3-acd4a0968e34",
      "title": "",
      "fullFile": "cypress/integration/regressionpageobjects2.spec.js",
      "file": "cypress/integration/regressionpageobjects2.spec.js",
      "beforeHooks": [],
      "afterHooks": [],
      "tests": [],
      "suites": [
        {
          "uuid": "bb787d26-68df-4df8-8b08-f2d284a9ab8a",
          "title": " Test suite 2",
          "fullFile": "",
          "file": "",
          "beforeHooks": [],
          "afterHooks": [],
          "tests": [
            {
              "title": "edit client",
              "fullTitle": " Test suite 2 edit client",
              "timedOut": null,
              "duration": 6503,
              "state": "passed",
              "speed": "slow",
              "pass": true,
              "fail": false,
              "pending": false,
              "context": null,
              "code": "indexfunctions.performValidLogin(cy, targets.username, targets.password, 'Tester Hotel Overview');\nclientsPagefunctions.editClient(cy, 'Clients');\ndashBoardfunctions.logout(cy, 'Login');",
              "err": {},
              "uuid": "0affb802-9ebc-4c21-8cc2-e11ebb489c0b",
              "parentUUID": "bb787d26-68df-4df8-8b08-f2d284a9ab8a",
              "isHook": false,
              "skipped": false
            },
            {
              "title": "create room",
              "fullTitle": " Test suite 2 create room",
              "timedOut": null,
              "duration": 5576,
              "state": "passed",
              "speed": "slow",
              "pass": true,
              "fail": false,
              "pending": false,
              "context": null,
              "code": "indexfunctions.performValidLogin(cy, targets.username, targets.password, 'Tester Hotel Overview');\nroomsPagefunctions.createaroom(cy, 'Rooms');\ndashBoardfunctions.logout(cy, 'Login');",
              "err": {},
              "uuid": "beca48b1-2c1c-48da-8af0-076e8ea5d222",
              "parentUUID": "bb787d26-68df-4df8-8b08-f2d284a9ab8a",
              "isHook": false,
              "skipped": false
            },
            {
              "title": "create bill",
              "fullTitle": " Test suite 2 create bill",
              "timedOut": null,
              "duration": 4736,
              "state": "passed",
              "speed": "slow",
              "pass": true,
              "fail": false,
              "pending": false,
              "context": null,
              "code": "indexfunctions.performValidLogin(cy, targets.username, targets.password, 'Tester Hotel Overview');\nbillsPagefunctions.createBill(cy, 'Bills');\ndashBoardfunctions.logout(cy, 'Login');",
              "err": {},
              "uuid": "68014d82-0aa7-48cf-945f-256761457e1a",
              "parentUUID": "bb787d26-68df-4df8-8b08-f2d284a9ab8a",
              "isHook": false,
              "skipped": false
            },
            {
              "title": "create reservation to delete",
              "fullTitle": " Test suite 2 create reservation to delete",
              "timedOut": null,
              "duration": 6315,
              "state": "passed",
              "speed": "slow",
              "pass": true,
              "fail": false,
              "pending": false,
              "context": null,
              "code": "indexfunctions.performValidLogin(cy, targets.username, targets.password, 'Tester Hotel Overview');\nreservationsPagefunctions.createaReservationtodelete(cy, 'Reservations');\ndashBoardfunctions.logout(cy, 'Login');",
              "err": {},
              "uuid": "e45306e4-2dea-44c6-b24e-00689ec7a7a1",
              "parentUUID": "bb787d26-68df-4df8-8b08-f2d284a9ab8a",
              "isHook": false,
              "skipped": false
            }
          ],
          "suites": [],
          "passes": [
            "0affb802-9ebc-4c21-8cc2-e11ebb489c0b",
            "beca48b1-2c1c-48da-8af0-076e8ea5d222",
            "68014d82-0aa7-48cf-945f-256761457e1a",
            "e45306e4-2dea-44c6-b24e-00689ec7a7a1"
          ],
          "failures": [],
          "pending": [],
          "skipped": [],
          "duration": 23130,
          "root": false,
          "rootEmpty": false,
          "_timeout": 2000
        }
      ],
      "passes": [],
      "failures": [],
      "pending": [],
      "skipped": [],
      "duration": 0,
      "root": true,
      "rootEmpty": true,
      "_timeout": 2000
    }
  ],
  "meta": {
    "mocha": {
      "version": "7.0.1"
    },
    "mochawesome": {
      "options": {
        "quiet": false,
        "reportFilename": "mochawesome",
        "saveHtml": false,
        "saveJson": true,
        "consoleReporter": "spec",
        "useInlineDiffs": false,
        "code": true
      },
      "version": "6.3.1"
    },
    "marge": {
      "options": {
        "charts": true,
        "overwrite": false,
        "html": false,
        "json": true,
        "reportDir": "cypress/report/mochawesome-report"
      },
      "version": "5.2.0"
    }
  }
}