{
  "stats": {
    "suites": 1,
    "tests": 3,
    "passes": 3,
    "pending": 0,
    "failures": 0,
    "start": "2021-10-14T15:14:56.686Z",
    "end": "2021-10-14T15:15:25.543Z",
    "duration": 28857,
    "testsRegistered": 3,
    "passPercent": 100,
    "pendingPercent": 0,
    "other": 0,
    "hasOther": false,
    "skipped": 0,
    "hasSkipped": false
  },
  "results": [
    {
      "uuid": "2736b6d7-4bef-42e2-99b3-f03bf1ae1cf6",
      "title": "",
      "fullFile": "cypress/integration/regressionpageobjects.spec.js",
      "file": "cypress/integration/regressionpageobjects.spec.js",
      "beforeHooks": [],
      "afterHooks": [],
      "tests": [],
      "suites": [
        {
          "uuid": "045e6ea9-11c9-4ea7-89c7-d97248b84853",
          "title": " Test suite",
          "fullFile": "",
          "file": "",
          "beforeHooks": [],
          "afterHooks": [],
          "tests": [
            {
              "title": "login, visit pages and logut",
              "fullTitle": " Test suite login, visit pages and logut",
              "timedOut": null,
              "duration": 11757,
              "state": "passed",
              "speed": "slow",
              "pass": true,
              "fail": false,
              "pending": false,
              "context": null,
              "code": "indexfunctions.performValidLogin(cy, targets.username, targets.password, 'Tester Hotel Overview');\ndashBoardfunctions.rooms(cy, 'Rooms');\ndashBoardfunctions.clients(cy, 'Clients');\ndashBoardfunctions.bills(cy, 'Bills');\ndashBoardfunctions.reservations(cy, 'Reservations');\ndashBoardfunctions.logout(cy, 'Login');",
              "err": {},
              "uuid": "06e6a61b-9f88-4554-8fab-38d67cc84d92",
              "parentUUID": "045e6ea9-11c9-4ea7-89c7-d97248b84853",
              "isHook": false,
              "skipped": false
            },
            {
              "title": "edit room",
              "fullTitle": " Test suite edit room",
              "timedOut": null,
              "duration": 7042,
              "state": "passed",
              "speed": "slow",
              "pass": true,
              "fail": false,
              "pending": false,
              "context": null,
              "code": "indexfunctions.performValidLogin(cy, targets.username, targets.password, 'Tester Hotel Overview');\ndashBoardfunctions.rooms(cy, 'Rooms');\nroomsPagefunctions.editrooms(cy, 'Rooms');",
              "err": {},
              "uuid": "3564ab9b-ada4-4062-a2ad-1e9facb83890",
              "parentUUID": "045e6ea9-11c9-4ea7-89c7-d97248b84853",
              "isHook": false,
              "skipped": false
            },
            {
              "title": "create client",
              "fullTitle": " Test suite create client",
              "timedOut": null,
              "duration": 6850,
              "state": "passed",
              "speed": "slow",
              "pass": true,
              "fail": false,
              "pending": false,
              "context": null,
              "code": "indexfunctions.performValidLogin(cy, targets.username, targets.password, 'Tester Hotel Overview');\ndashBoardfunctions.clients(cy, 'Clients');\nclientsPagefunctions.createClient(cy, 'Clients');",
              "err": {},
              "uuid": "75081105-99ea-4aa7-a483-ca391374721d",
              "parentUUID": "045e6ea9-11c9-4ea7-89c7-d97248b84853",
              "isHook": false,
              "skipped": false
            }
          ],
          "suites": [],
          "passes": [
            "06e6a61b-9f88-4554-8fab-38d67cc84d92",
            "3564ab9b-ada4-4062-a2ad-1e9facb83890",
            "75081105-99ea-4aa7-a483-ca391374721d"
          ],
          "failures": [],
          "pending": [],
          "skipped": [],
          "duration": 25649,
          "root": false,
          "rootEmpty": false,
          "_timeout": 2000
        }
      ],
      "passes": [],
      "failures": [],
      "pending": [],
      "skipped": [],
      "duration": 0,
      "root": true,
      "rootEmpty": true,
      "_timeout": 2000
    }
  ],
  "meta": {
    "mocha": {
      "version": "7.0.1"
    },
    "mochawesome": {
      "options": {
        "quiet": false,
        "reportFilename": "mochawesome",
        "saveHtml": false,
        "saveJson": true,
        "consoleReporter": "spec",
        "useInlineDiffs": false,
        "code": true
      },
      "version": "6.2.2"
    },
    "marge": {
      "options": {
        "charts": true,
        "overwrite": false,
        "html": false,
        "json": true,
        "reportDir": "cypress/report/mochawesome-report"
      },
      "version": "5.2.0"
    }
  }
}