{
  "stats": {
    "suites": 1,
    "tests": 7,
    "passes": 7,
    "pending": 0,
    "failures": 0,
    "start": "2021-10-14T15:14:07.023Z",
    "end": "2021-10-14T15:14:21.417Z",
    "duration": 14394,
    "testsRegistered": 7,
    "passPercent": 100,
    "pendingPercent": 0,
    "other": 0,
    "hasOther": false,
    "skipped": 0,
    "hasSkipped": false
  },
  "results": [
    {
      "uuid": "e3186623-4d07-4ad5-8c4d-5910e654a791",
      "title": "",
      "fullFile": "cypress/integration/loginandout.spec.js",
      "file": "cypress/integration/loginandout.spec.js",
      "beforeHooks": [],
      "afterHooks": [],
      "tests": [],
      "suites": [
        {
          "uuid": "b54679b9-edb9-4e66-a5be-3e009ffff33f",
          "title": "Login logout",
          "fullFile": "",
          "file": "",
          "beforeHooks": [],
          "afterHooks": [],
          "tests": [
            {
              "title": "Start the system",
              "fullTitle": "Login logout Start the system",
              "timedOut": null,
              "duration": 1720,
              "state": "passed",
              "speed": "slow",
              "pass": true,
              "fail": false,
              "pending": false,
              "context": null,
              "code": "// Går in på webbsidan\ncy.visit('http://localhost:3000');",
              "err": {},
              "uuid": "6c033ba6-5a2f-4a28-8f23-97e114adb1e1",
              "parentUUID": "b54679b9-edb9-4e66-a5be-3e009ffff33f",
              "isHook": false,
              "skipped": false
            },
            {
              "title": "See if you are on the right website",
              "fullTitle": "Login logout See if you are on the right website",
              "timedOut": null,
              "duration": 378,
              "state": "passed",
              "speed": "slow",
              "pass": true,
              "fail": false,
              "pending": false,
              "context": null,
              "code": "// Kolla om man har kommit rött\ncy.title().should('include', 'Tester');\ncy.contains('Login');",
              "err": {},
              "uuid": "bfe413e5-9f48-4dda-80a0-3a6507def402",
              "parentUUID": "b54679b9-edb9-4e66-a5be-3e009ffff33f",
              "isHook": false,
              "skipped": false
            },
            {
              "title": "log on to the site",
              "fullTitle": "Login logout log on to the site",
              "timedOut": null,
              "duration": 3227,
              "state": "passed",
              "speed": "slow",
              "pass": true,
              "fail": false,
              "pending": false,
              "context": null,
              "code": "// Loggarin\ncy.get(':nth-child(1) > input').type('tester01');\ncy.get(':nth-child(2) > input').type('GteteqbQQgSr88SwNExUQv2ydb7xuf8c');\ncy.get('.btn').click();",
              "err": {},
              "uuid": "ea514536-f72f-4bb0-b355-36e02d636414",
              "parentUUID": "b54679b9-edb9-4e66-a5be-3e009ffff33f",
              "isHook": false,
              "skipped": false
            },
            {
              "title": "See if you are logged in",
              "fullTitle": "Login logout See if you are logged in",
              "timedOut": null,
              "duration": 619,
              "state": "passed",
              "speed": "slow",
              "pass": true,
              "fail": false,
              "pending": false,
              "context": null,
              "code": "// Kollar om man har loggats in\ncy.contains('Logout');",
              "err": {},
              "uuid": "7044b19c-b06d-4ffe-a3c3-4e786f5ef3c6",
              "parentUUID": "b54679b9-edb9-4e66-a5be-3e009ffff33f",
              "isHook": false,
              "skipped": false
            },
            {
              "title": "Visit the links",
              "fullTitle": "Login logout Visit the links",
              "timedOut": null,
              "duration": 4411,
              "state": "passed",
              "speed": "slow",
              "pass": true,
              "fail": false,
              "pending": false,
              "context": null,
              "code": "// Går in i olika länkar\ncy.get(':nth-child(1) > .btn').click();\ncy.get(':nth-child(3) > .btn').click();\ncy.get('.blocks > :nth-child(2) > .btn').click();\ncy.get(':nth-child(3) > .btn').click();\ncy.get(':nth-child(3) > .btn').click();\ncy.get(':nth-child(3) > .btn').click();\ncy.get(':nth-child(4) > .btn').click();\ncy.get(':nth-child(3) > .btn').click();",
              "err": {},
              "uuid": "b8e0441c-10f9-4835-a535-03a524339acd",
              "parentUUID": "b54679b9-edb9-4e66-a5be-3e009ffff33f",
              "isHook": false,
              "skipped": false
            },
            {
              "title": "Logging out",
              "fullTitle": "Login logout Logging out",
              "timedOut": null,
              "duration": 627,
              "state": "passed",
              "speed": "slow",
              "pass": true,
              "fail": false,
              "pending": false,
              "context": null,
              "code": "// Loggar ut\ncy.get('.user > .btn').click();",
              "err": {},
              "uuid": "e1d0950e-267e-4a95-8dc2-9132c52b06b1",
              "parentUUID": "b54679b9-edb9-4e66-a5be-3e009ffff33f",
              "isHook": false,
              "skipped": false
            },
            {
              "title": "See if you are logged out",
              "fullTitle": "Login logout See if you are logged out",
              "timedOut": null,
              "duration": 301,
              "state": "passed",
              "speed": "slow",
              "pass": true,
              "fail": false,
              "pending": false,
              "context": null,
              "code": "// Kolla om man har blivit utloggad\ncy.contains('Login');",
              "err": {},
              "uuid": "750c5ab2-08ed-4484-9eba-19245f8c03ff",
              "parentUUID": "b54679b9-edb9-4e66-a5be-3e009ffff33f",
              "isHook": false,
              "skipped": false
            }
          ],
          "suites": [],
          "passes": [
            "6c033ba6-5a2f-4a28-8f23-97e114adb1e1",
            "bfe413e5-9f48-4dda-80a0-3a6507def402",
            "ea514536-f72f-4bb0-b355-36e02d636414",
            "7044b19c-b06d-4ffe-a3c3-4e786f5ef3c6",
            "b8e0441c-10f9-4835-a535-03a524339acd",
            "e1d0950e-267e-4a95-8dc2-9132c52b06b1",
            "750c5ab2-08ed-4484-9eba-19245f8c03ff"
          ],
          "failures": [],
          "pending": [],
          "skipped": [],
          "duration": 11283,
          "root": false,
          "rootEmpty": false,
          "_timeout": 2000
        }
      ],
      "passes": [],
      "failures": [],
      "pending": [],
      "skipped": [],
      "duration": 0,
      "root": true,
      "rootEmpty": true,
      "_timeout": 2000
    }
  ],
  "meta": {
    "mocha": {
      "version": "7.0.1"
    },
    "mochawesome": {
      "options": {
        "quiet": false,
        "reportFilename": "mochawesome",
        "saveHtml": false,
        "saveJson": true,
        "consoleReporter": "spec",
        "useInlineDiffs": false,
        "code": true
      },
      "version": "6.2.2"
    },
    "marge": {
      "options": {
        "charts": true,
        "overwrite": false,
        "html": false,
        "json": true,
        "reportDir": "cypress/report/mochawesome-report"
      },
      "version": "5.2.0"
    }
  }
}