{
  "stats": {
    "suites": 1,
    "tests": 3,
    "passes": 3,
    "pending": 0,
    "failures": 0,
    "start": "2021-10-26T09:40:21.284Z",
    "end": "2021-10-26T09:40:47.795Z",
    "duration": 26511,
    "testsRegistered": 3,
    "passPercent": 100,
    "pendingPercent": 0,
    "other": 0,
    "hasOther": false,
    "skipped": 0,
    "hasSkipped": false
  },
  "results": [
    {
      "uuid": "403992c7-8b27-4571-aa15-31c9f128bc2a",
      "title": "",
      "fullFile": "cypress/integration/regressionpageobjects3.spec.js",
      "file": "cypress/integration/regressionpageobjects3.spec.js",
      "beforeHooks": [],
      "afterHooks": [],
      "tests": [],
      "suites": [
        {
          "uuid": "ddcc90f3-bdf0-4c80-922d-3c693ae1a9d1",
          "title": " Test suite",
          "fullFile": "",
          "file": "",
          "beforeHooks": [],
          "afterHooks": [],
          "tests": [
            {
              "title": "create bill and delete it",
              "fullTitle": " Test suite create bill and delete it",
              "timedOut": null,
              "duration": 9554,
              "state": "passed",
              "speed": "slow",
              "pass": true,
              "fail": false,
              "pending": false,
              "context": null,
              "code": "indexfunctions.performValidLogin(cy, targets.username, targets.password, 'Tester Hotel Overview');\nbillsPagefunctions.createBillandDelete(cy, 'Bills');",
              "err": {},
              "uuid": "6641d5b1-1eab-4b10-88c4-a7e80ad056aa",
              "parentUUID": "ddcc90f3-bdf0-4c80-922d-3c693ae1a9d1",
              "isHook": false,
              "skipped": false
            },
            {
              "title": "create client and delete it",
              "fullTitle": " Test suite create client and delete it",
              "timedOut": null,
              "duration": 8051,
              "state": "passed",
              "speed": "slow",
              "pass": true,
              "fail": false,
              "pending": false,
              "context": null,
              "code": "indexfunctions.performValidLogin(cy, targets.username, targets.password, 'Tester Hotel Overview');\nclientsPagefunctions.createclientanddelete(cy, 'Clients');",
              "err": {},
              "uuid": "fb725ef3-3c4b-4601-8a2f-714e34fd3a92",
              "parentUUID": "ddcc90f3-bdf0-4c80-922d-3c693ae1a9d1",
              "isHook": false,
              "skipped": false
            },
            {
              "title": "create reservation",
              "fullTitle": " Test suite create reservation",
              "timedOut": null,
              "duration": 6067,
              "state": "passed",
              "speed": "slow",
              "pass": true,
              "fail": false,
              "pending": false,
              "context": null,
              "code": "indexfunctions.performValidLogin(cy, targets.username, targets.password, 'Tester Hotel Overview');\nreservationsPagefunctions.createreservation(cy, 'Reservations');",
              "err": {},
              "uuid": "edb058ea-99be-4d0c-8987-7f86e35f2088",
              "parentUUID": "ddcc90f3-bdf0-4c80-922d-3c693ae1a9d1",
              "isHook": false,
              "skipped": false
            }
          ],
          "suites": [],
          "passes": [
            "6641d5b1-1eab-4b10-88c4-a7e80ad056aa",
            "fb725ef3-3c4b-4601-8a2f-714e34fd3a92",
            "edb058ea-99be-4d0c-8987-7f86e35f2088"
          ],
          "failures": [],
          "pending": [],
          "skipped": [],
          "duration": 23672,
          "root": false,
          "rootEmpty": false,
          "_timeout": 2000
        }
      ],
      "passes": [],
      "failures": [],
      "pending": [],
      "skipped": [],
      "duration": 0,
      "root": true,
      "rootEmpty": true,
      "_timeout": 2000
    }
  ],
  "meta": {
    "mocha": {
      "version": "7.0.1"
    },
    "mochawesome": {
      "options": {
        "quiet": false,
        "reportFilename": "mochawesome",
        "saveHtml": false,
        "saveJson": true,
        "consoleReporter": "spec",
        "useInlineDiffs": false,
        "code": true
      },
      "version": "6.2.2"
    },
    "marge": {
      "options": {
        "charts": true,
        "overwrite": false,
        "html": false,
        "json": true,
        "reportDir": "cypress/report/mochawesome-report"
      },
      "version": "5.2.0"
    }
  }
}