{
  "stats": {
    "suites": 3,
    "tests": 11,
    "passes": 11,
    "pending": 0,
    "failures": 0,
    "start": "2021-10-22T06:58:16.823Z",
    "end": "2021-10-22T07:02:59.369Z",
    "duration": 97407,
    "testsRegistered": 11,
    "passPercent": 100,
    "pendingPercent": 0,
    "other": 0,
    "hasOther": false,
    "skipped": 0,
    "hasSkipped": false
  },
  "results": [
    {
      "uuid": "a2cc8325-cd93-4c5f-a171-0e96ef037bf0",
      "title": "",
      "fullFile": "cypress/integration/regressionpageobjects.spec.js",
      "file": "cypress/integration/regressionpageobjects.spec.js",
      "beforeHooks": [],
      "afterHooks": [],
      "tests": [],
      "suites": [
        {
          "uuid": "07fc3a46-697b-4988-9912-c3621a843ccc",
          "title": " Test suite",
          "fullFile": "",
          "file": "",
          "beforeHooks": [],
          "afterHooks": [],
          "tests": [
            {
              "title": "login, visit pages and logut",
              "fullTitle": " Test suite login, visit pages and logut",
              "timedOut": null,
              "duration": 15243,
              "state": "passed",
              "speed": "slow",
              "pass": true,
              "fail": false,
              "pending": false,
              "context": null,
              "code": "indexfunctions.performValidLogin(cy, targets.username, targets.password, 'Tester Hotel Overview');\ndashBoardfunctions.rooms(cy, 'Rooms');\ndashBoardfunctions.clients(cy, 'Clients');\ndashBoardfunctions.bills(cy, 'Bills');\ndashBoardfunctions.reservations(cy, 'Reservations');\ndashBoardfunctions.logout(cy, 'Login');",
              "err": {},
              "uuid": "d2692470-f142-4f3a-96be-a650c2cf4825",
              "parentUUID": "07fc3a46-697b-4988-9912-c3621a843ccc",
              "isHook": false,
              "skipped": false
            },
            {
              "title": "edit room",
              "fullTitle": " Test suite edit room",
              "timedOut": null,
              "duration": 9233,
              "state": "passed",
              "speed": "slow",
              "pass": true,
              "fail": false,
              "pending": false,
              "context": null,
              "code": "indexfunctions.performValidLogin(cy, targets.username, targets.password, 'Tester Hotel Overview');\nroomsPagefunctions.editrooms(cy, 'Rooms');",
              "err": {},
              "uuid": "916a8304-35f1-49f5-8d36-61b76f48005b",
              "parentUUID": "07fc3a46-697b-4988-9912-c3621a843ccc",
              "isHook": false,
              "skipped": false
            },
            {
              "title": "create client",
              "fullTitle": " Test suite create client",
              "timedOut": null,
              "duration": 8384,
              "state": "passed",
              "speed": "slow",
              "pass": true,
              "fail": false,
              "pending": false,
              "context": null,
              "code": "indexfunctions.performValidLogin(cy, targets.username, targets.password, 'Tester Hotel Overview');\nclientsPagefunctions.createClient(cy, 'Clients');",
              "err": {},
              "uuid": "eb0b5442-11c5-4854-9542-e787b21cd222",
              "parentUUID": "07fc3a46-697b-4988-9912-c3621a843ccc",
              "isHook": false,
              "skipped": false
            }
          ],
          "suites": [],
          "passes": [
            "d2692470-f142-4f3a-96be-a650c2cf4825",
            "916a8304-35f1-49f5-8d36-61b76f48005b",
            "eb0b5442-11c5-4854-9542-e787b21cd222"
          ],
          "failures": [],
          "pending": [],
          "skipped": [],
          "duration": 32860,
          "root": false,
          "rootEmpty": false,
          "_timeout": 2000
        }
      ],
      "passes": [],
      "failures": [],
      "pending": [],
      "skipped": [],
      "duration": 0,
      "root": true,
      "rootEmpty": true,
      "_timeout": 2000
    },
    {
      "uuid": "09461a80-b3bc-491c-8df5-ed2ee48e781c",
      "title": "",
      "fullFile": "cypress/integration/regressionpageobjects2.spec.js",
      "file": "cypress/integration/regressionpageobjects2.spec.js",
      "beforeHooks": [],
      "afterHooks": [],
      "tests": [],
      "suites": [
        {
          "uuid": "09dbc7f0-6e2d-4ef1-895f-05d5c2d1064c",
          "title": " Test suite 2",
          "fullFile": "",
          "file": "",
          "beforeHooks": [],
          "afterHooks": [],
          "tests": [
            {
              "title": "edit client",
              "fullTitle": " Test suite 2 edit client",
              "timedOut": null,
              "duration": 11352,
              "state": "passed",
              "speed": "slow",
              "pass": true,
              "fail": false,
              "pending": false,
              "context": null,
              "code": "indexfunctions.performValidLogin(cy, targets.username, targets.password, 'Tester Hotel Overview');\nclientsPagefunctions.editClient(cy, 'Clients');",
              "err": {},
              "uuid": "d5b6cc6c-2da5-4fac-947b-ffe09e212ddd",
              "parentUUID": "09dbc7f0-6e2d-4ef1-895f-05d5c2d1064c",
              "isHook": false,
              "skipped": false
            },
            {
              "title": "create room",
              "fullTitle": " Test suite 2 create room",
              "timedOut": null,
              "duration": 8090,
              "state": "passed",
              "speed": "slow",
              "pass": true,
              "fail": false,
              "pending": false,
              "context": null,
              "code": "indexfunctions.performValidLogin(cy, targets.username, targets.password, 'Tester Hotel Overview');\nroomsPagefunctions.createaroom(cy, 'Rooms');",
              "err": {},
              "uuid": "14d883fc-bed6-41dc-a40f-aa2b7323c500",
              "parentUUID": "09dbc7f0-6e2d-4ef1-895f-05d5c2d1064c",
              "isHook": false,
              "skipped": false
            },
            {
              "title": "create bill",
              "fullTitle": " Test suite 2 create bill",
              "timedOut": null,
              "duration": 4083,
              "state": "passed",
              "speed": "slow",
              "pass": true,
              "fail": false,
              "pending": false,
              "context": null,
              "code": "indexfunctions.performValidLogin(cy, targets.username, targets.password, 'Tester Hotel Overview');\nbillsPagefunctions.createBill(cy, 'Bills');",
              "err": {},
              "uuid": "682c43d4-5f41-4e2b-a297-4542a07a3ff0",
              "parentUUID": "09dbc7f0-6e2d-4ef1-895f-05d5c2d1064c",
              "isHook": false,
              "skipped": false
            },
            {
              "title": "create reservation to delete",
              "fullTitle": " Test suite 2 create reservation to delete",
              "timedOut": null,
              "duration": 5062,
              "state": "passed",
              "speed": "slow",
              "pass": true,
              "fail": false,
              "pending": false,
              "context": null,
              "code": "indexfunctions.performValidLogin(cy, targets.username, targets.password, 'Tester Hotel Overview');\nreservationsPagefunctions.createaReservationtodelete(cy, 'Reservations');",
              "err": {},
              "uuid": "b4f18bae-5d9a-46fd-a96e-22eb2ab52269",
              "parentUUID": "09dbc7f0-6e2d-4ef1-895f-05d5c2d1064c",
              "isHook": false,
              "skipped": false
            },
            {
              "title": "delete the reservation",
              "fullTitle": " Test suite 2 delete the reservation",
              "timedOut": null,
              "duration": 4697,
              "state": "passed",
              "speed": "slow",
              "pass": true,
              "fail": false,
              "pending": false,
              "context": null,
              "code": "indexfunctions.performValidLogin(cy, targets.username, targets.password, 'Tester Hotel Overview');\nreservationsPagefunctions.deletereservation(cy, 'Reservations');",
              "err": {},
              "uuid": "f216ed6a-cb8c-4641-bb44-689aba1c788d",
              "parentUUID": "09dbc7f0-6e2d-4ef1-895f-05d5c2d1064c",
              "isHook": false,
              "skipped": false
            }
          ],
          "suites": [],
          "passes": [
            "d5b6cc6c-2da5-4fac-947b-ffe09e212ddd",
            "14d883fc-bed6-41dc-a40f-aa2b7323c500",
            "682c43d4-5f41-4e2b-a297-4542a07a3ff0",
            "b4f18bae-5d9a-46fd-a96e-22eb2ab52269",
            "f216ed6a-cb8c-4641-bb44-689aba1c788d"
          ],
          "failures": [],
          "pending": [],
          "skipped": [],
          "duration": 33284,
          "root": false,
          "rootEmpty": false,
          "_timeout": 2000
        }
      ],
      "passes": [],
      "failures": [],
      "pending": [],
      "skipped": [],
      "duration": 0,
      "root": true,
      "rootEmpty": true,
      "_timeout": 2000
    },
    {
      "uuid": "5fbb4359-1d11-47ee-b847-1ab0a6b40423",
      "title": "",
      "fullFile": "cypress/integration/regressionpageobjects3.spec.js",
      "file": "cypress/integration/regressionpageobjects3.spec.js",
      "beforeHooks": [],
      "afterHooks": [],
      "tests": [],
      "suites": [
        {
          "uuid": "a2bd68f4-4ebb-4711-9f84-3fe34dce43ad",
          "title": " Test suite",
          "fullFile": "",
          "file": "",
          "beforeHooks": [],
          "afterHooks": [],
          "tests": [
            {
              "title": "create bill and delete it",
              "fullTitle": " Test suite create bill and delete it",
              "timedOut": null,
              "duration": 11854,
              "state": "passed",
              "speed": "slow",
              "pass": true,
              "fail": false,
              "pending": false,
              "context": null,
              "code": "indexfunctions.performValidLogin(cy, targets.username, targets.password, 'Tester Hotel Overview');\nbillsPagefunctions.createBillandDelete(cy, 'Bills');",
              "err": {},
              "uuid": "39481716-d089-4d3b-a67e-3f03f514efd8",
              "parentUUID": "a2bd68f4-4ebb-4711-9f84-3fe34dce43ad",
              "isHook": false,
              "skipped": false
            },
            {
              "title": "create client and delete it",
              "fullTitle": " Test suite create client and delete it",
              "timedOut": null,
              "duration": 8077,
              "state": "passed",
              "speed": "slow",
              "pass": true,
              "fail": false,
              "pending": false,
              "context": null,
              "code": "indexfunctions.performValidLogin(cy, targets.username, targets.password, 'Tester Hotel Overview');\nclientsPagefunctions.createclientanddelete(cy, 'Clients');",
              "err": {},
              "uuid": "42f2451e-c24a-4c6e-b64b-4ab8fc876f35",
              "parentUUID": "a2bd68f4-4ebb-4711-9f84-3fe34dce43ad",
              "isHook": false,
              "skipped": false
            },
            {
              "title": "create reservation",
              "fullTitle": " Test suite create reservation",
              "timedOut": null,
              "duration": 11332,
              "state": "passed",
              "speed": "slow",
              "pass": true,
              "fail": false,
              "pending": false,
              "context": null,
              "code": "indexfunctions.performValidLogin(cy, targets.username, targets.password, 'Tester Hotel Overview');\nreservationsPagefunctions.createreservation(cy, 'Reservations');",
              "err": {},
              "uuid": "b4ef725e-2a72-48ef-a71b-fa3fcdcf64b6",
              "parentUUID": "a2bd68f4-4ebb-4711-9f84-3fe34dce43ad",
              "isHook": false,
              "skipped": false
            }
          ],
          "suites": [],
          "passes": [
            "39481716-d089-4d3b-a67e-3f03f514efd8",
            "42f2451e-c24a-4c6e-b64b-4ab8fc876f35",
            "b4ef725e-2a72-48ef-a71b-fa3fcdcf64b6"
          ],
          "failures": [],
          "pending": [],
          "skipped": [],
          "duration": 31263,
          "root": false,
          "rootEmpty": false,
          "_timeout": 2000
        }
      ],
      "passes": [],
      "failures": [],
      "pending": [],
      "skipped": [],
      "duration": 0,
      "root": true,
      "rootEmpty": true,
      "_timeout": 2000
    }
  ],
  "meta": {
    "mocha": {
      "version": "7.0.1"
    },
    "mochawesome": {
      "options": {
        "quiet": false,
        "reportFilename": "mochawesome",
        "saveHtml": false,
        "saveJson": true,
        "consoleReporter": "spec",
        "useInlineDiffs": false,
        "code": true
      },
      "version": "6.2.2"
    },
    "marge": {
      "options": {
        "charts": true,
        "overwrite": false,
        "html": false,
        "json": true,
        "reportDir": "cypress/report/mochawesome-report"
      },
      "version": "5.2.0"
    }
  }
}