{
  "stats": {
    "suites": 3,
    "tests": 10,
    "passes": 10,
    "pending": 0,
    "failures": 0,
    "start": "2021-10-29T11:02:14.464Z",
    "end": "2021-10-29T11:08:01.502Z",
    "duration": 77370,
    "testsRegistered": 10,
    "passPercent": 100,
    "pendingPercent": 0,
    "other": 0,
    "hasOther": false,
    "skipped": 0,
    "hasSkipped": false
  },
  "results": [
    {
      "uuid": "3aa78359-0b8f-4817-a6fe-ae28fed344d9",
      "title": "",
      "fullFile": "cypress/integration/regressionpageobjects.spec.js",
      "file": "cypress/integration/regressionpageobjects.spec.js",
      "beforeHooks": [],
      "afterHooks": [],
      "tests": [],
      "suites": [
        {
          "uuid": "3141c223-b10b-4e28-a518-68b191421ed5",
          "title": " Test suite",
          "fullFile": "",
          "file": "",
          "beforeHooks": [],
          "afterHooks": [],
          "tests": [
            {
              "title": "login, visit pages and logut",
              "fullTitle": " Test suite login, visit pages and logut",
              "timedOut": null,
              "duration": 10456,
              "state": "passed",
              "speed": "slow",
              "pass": true,
              "fail": false,
              "pending": false,
              "context": null,
              "code": "indexfunctions.performValidLogin(cy, targets.username, targets.password, 'Tester Hotel Overview');\ndashBoardfunctions.rooms(cy, 'Rooms');\ndashBoardfunctions.clients(cy, 'Clients');\ndashBoardfunctions.bills(cy, 'Bills');\ndashBoardfunctions.reservations(cy, 'Reservations');\ndashBoardfunctions.logout(cy, 'Login');",
              "err": {},
              "uuid": "0db92232-7bc3-4b3d-a7f1-703284badf28",
              "parentUUID": "3141c223-b10b-4e28-a518-68b191421ed5",
              "isHook": false,
              "skipped": false
            },
            {
              "title": "edit a room",
              "fullTitle": " Test suite edit a room",
              "timedOut": null,
              "duration": 12077,
              "state": "passed",
              "speed": "slow",
              "pass": true,
              "fail": false,
              "pending": false,
              "context": null,
              "code": "indexfunctions.performValidLogin(cy, targets.username, targets.password, 'Tester Hotel Overview');\nroomsPagefunctions.editrooms(cy, 'Rooms');\ndashBoardfunctions.logout(cy, 'Login');",
              "err": {},
              "uuid": "114d6beb-b28a-4c67-b161-7e22898c97fa",
              "parentUUID": "3141c223-b10b-4e28-a518-68b191421ed5",
              "isHook": false,
              "skipped": false
            },
            {
              "title": "create client",
              "fullTitle": " Test suite create client",
              "timedOut": null,
              "duration": 4145,
              "state": "passed",
              "speed": "slow",
              "pass": true,
              "fail": false,
              "pending": false,
              "context": null,
              "code": "indexfunctions.performValidLogin(cy, targets.username, targets.password, 'Tester Hotel Overview');\nclientsPagefunctions.createClient(cy, 'Clients');\ndashBoardfunctions.logout(cy, 'Login');",
              "err": {},
              "uuid": "e0cc3aad-c332-4cda-8eb2-384e6febe83e",
              "parentUUID": "3141c223-b10b-4e28-a518-68b191421ed5",
              "isHook": false,
              "skipped": false
            }
          ],
          "suites": [],
          "passes": [
            "0db92232-7bc3-4b3d-a7f1-703284badf28",
            "114d6beb-b28a-4c67-b161-7e22898c97fa",
            "e0cc3aad-c332-4cda-8eb2-384e6febe83e"
          ],
          "failures": [],
          "pending": [],
          "skipped": [],
          "duration": 26678,
          "root": false,
          "rootEmpty": false,
          "_timeout": 2000
        }
      ],
      "passes": [],
      "failures": [],
      "pending": [],
      "skipped": [],
      "duration": 0,
      "root": true,
      "rootEmpty": true,
      "_timeout": 2000
    },
    {
      "uuid": "aae8032e-1482-4e5e-8bb8-f202f129cbbc",
      "title": "",
      "fullFile": "cypress/integration/regressionpageobjects2.spec.js",
      "file": "cypress/integration/regressionpageobjects2.spec.js",
      "beforeHooks": [],
      "afterHooks": [],
      "tests": [],
      "suites": [
        {
          "uuid": "a9030755-f62f-4b33-bf9e-f7fc0271a712",
          "title": " Test suite 2",
          "fullFile": "",
          "file": "",
          "beforeHooks": [],
          "afterHooks": [],
          "tests": [
            {
              "title": "edit client",
              "fullTitle": " Test suite 2 edit client",
              "timedOut": null,
              "duration": 6442,
              "state": "passed",
              "speed": "slow",
              "pass": true,
              "fail": false,
              "pending": false,
              "context": null,
              "code": "indexfunctions.performValidLogin(cy, targets.username, targets.password, 'Tester Hotel Overview');\nclientsPagefunctions.editClient(cy, 'Clients');\ndashBoardfunctions.logout(cy, 'Login');",
              "err": {},
              "uuid": "09969752-e160-4276-80f6-e39e3b9229a2",
              "parentUUID": "a9030755-f62f-4b33-bf9e-f7fc0271a712",
              "isHook": false,
              "skipped": false
            },
            {
              "title": "create room",
              "fullTitle": " Test suite 2 create room",
              "timedOut": null,
              "duration": 9223,
              "state": "passed",
              "speed": "slow",
              "pass": true,
              "fail": false,
              "pending": false,
              "context": null,
              "code": "indexfunctions.performValidLogin(cy, targets.username, targets.password, 'Tester Hotel Overview');\nroomsPagefunctions.createaroom(cy, 'Rooms');\ndashBoardfunctions.logout(cy, 'Login');",
              "err": {},
              "uuid": "0d4229cc-fe14-42d1-9f93-f0c3661f404e",
              "parentUUID": "a9030755-f62f-4b33-bf9e-f7fc0271a712",
              "isHook": false,
              "skipped": false
            },
            {
              "title": "create bill",
              "fullTitle": " Test suite 2 create bill",
              "timedOut": null,
              "duration": 4913,
              "state": "passed",
              "speed": "slow",
              "pass": true,
              "fail": false,
              "pending": false,
              "context": null,
              "code": "indexfunctions.performValidLogin(cy, targets.username, targets.password, 'Tester Hotel Overview');\nbillsPagefunctions.createBill(cy, 'Bills');\ndashBoardfunctions.logout(cy, 'Login');",
              "err": {},
              "uuid": "e5220e14-7bd6-4e5c-a624-65eb0621c58b",
              "parentUUID": "a9030755-f62f-4b33-bf9e-f7fc0271a712",
              "isHook": false,
              "skipped": false
            },
            {
              "title": "create reservation to delete",
              "fullTitle": " Test suite 2 create reservation to delete",
              "timedOut": null,
              "duration": 10302,
              "state": "passed",
              "speed": "slow",
              "pass": true,
              "fail": false,
              "pending": false,
              "context": null,
              "code": "indexfunctions.performValidLogin(cy, targets.username, targets.password, 'Tester Hotel Overview');\nreservationsPagefunctions.createaReservationtodelete(cy, 'Reservations');\ndashBoardfunctions.logout(cy, 'Login');",
              "err": {},
              "uuid": "2f8c7acf-7905-42de-9f4f-0c8f576aeb35",
              "parentUUID": "a9030755-f62f-4b33-bf9e-f7fc0271a712",
              "isHook": false,
              "skipped": false
            }
          ],
          "suites": [],
          "passes": [
            "09969752-e160-4276-80f6-e39e3b9229a2",
            "0d4229cc-fe14-42d1-9f93-f0c3661f404e",
            "e5220e14-7bd6-4e5c-a624-65eb0621c58b",
            "2f8c7acf-7905-42de-9f4f-0c8f576aeb35"
          ],
          "failures": [],
          "pending": [],
          "skipped": [],
          "duration": 30880,
          "root": false,
          "rootEmpty": false,
          "_timeout": 2000
        }
      ],
      "passes": [],
      "failures": [],
      "pending": [],
      "skipped": [],
      "duration": 0,
      "root": true,
      "rootEmpty": true,
      "_timeout": 2000
    },
    {
      "uuid": "1e5607f5-1b0e-46f5-91aa-9dc4b2e49885",
      "title": "",
      "fullFile": "cypress/integration/regressionpageobjects3.spec.js",
      "file": "cypress/integration/regressionpageobjects3.spec.js",
      "beforeHooks": [],
      "afterHooks": [],
      "tests": [],
      "suites": [
        {
          "uuid": "ccb196f9-ff8a-4e01-a8bf-9d9b4092a4e8",
          "title": " Test suite",
          "fullFile": "",
          "file": "",
          "beforeHooks": [],
          "afterHooks": [],
          "tests": [
            {
              "title": "create bill and delete it",
              "fullTitle": " Test suite create bill and delete it",
              "timedOut": null,
              "duration": 7032,
              "state": "passed",
              "speed": "slow",
              "pass": true,
              "fail": false,
              "pending": false,
              "context": null,
              "code": "indexfunctions.performValidLogin(cy, targets.username, targets.password, 'Tester Hotel Overview');\nbillsPagefunctions.createBillandDelete(cy, 'Bills');\ndashBoardfunctions.logout(cy, 'Login');",
              "err": {},
              "uuid": "876e581b-22af-476e-a6c3-52f15e6d1636",
              "parentUUID": "ccb196f9-ff8a-4e01-a8bf-9d9b4092a4e8",
              "isHook": false,
              "skipped": false
            },
            {
              "title": "create client and delete it",
              "fullTitle": " Test suite create client and delete it",
              "timedOut": null,
              "duration": 4387,
              "state": "passed",
              "speed": "slow",
              "pass": true,
              "fail": false,
              "pending": false,
              "context": null,
              "code": "indexfunctions.performValidLogin(cy, targets.username, targets.password, 'Tester Hotel Overview');\nclientsPagefunctions.createclientanddelete(cy, 'Clients');\ndashBoardfunctions.logout(cy, 'Login');",
              "err": {},
              "uuid": "1ee0305c-4993-4003-8ad0-918b5ea299dc",
              "parentUUID": "ccb196f9-ff8a-4e01-a8bf-9d9b4092a4e8",
              "isHook": false,
              "skipped": false
            },
            {
              "title": "create reservation",
              "fullTitle": " Test suite create reservation",
              "timedOut": null,
              "duration": 8393,
              "state": "passed",
              "speed": "slow",
              "pass": true,
              "fail": false,
              "pending": false,
              "context": null,
              "code": "indexfunctions.performValidLogin(cy, targets.username, targets.password, 'Tester Hotel Overview');\nreservationsPagefunctions.createreservation(cy, 'Reservations');\ndashBoardfunctions.logout(cy, 'Login');",
              "err": {},
              "uuid": "17aacd98-ee4f-444f-a01d-a55d39474853",
              "parentUUID": "ccb196f9-ff8a-4e01-a8bf-9d9b4092a4e8",
              "isHook": false,
              "skipped": false
            }
          ],
          "suites": [],
          "passes": [
            "876e581b-22af-476e-a6c3-52f15e6d1636",
            "1ee0305c-4993-4003-8ad0-918b5ea299dc",
            "17aacd98-ee4f-444f-a01d-a55d39474853"
          ],
          "failures": [],
          "pending": [],
          "skipped": [],
          "duration": 19812,
          "root": false,
          "rootEmpty": false,
          "_timeout": 2000
        }
      ],
      "passes": [],
      "failures": [],
      "pending": [],
      "skipped": [],
      "duration": 0,
      "root": true,
      "rootEmpty": true,
      "_timeout": 2000
    }
  ],
  "meta": {
    "mocha": {
      "version": "7.0.1"
    },
    "mochawesome": {
      "options": {
        "quiet": false,
        "reportFilename": "mochawesome",
        "saveHtml": false,
        "saveJson": true,
        "consoleReporter": "spec",
        "useInlineDiffs": false,
        "code": true
      },
      "version": "6.3.1"
    },
    "marge": {
      "options": {
        "charts": true,
        "overwrite": false,
        "html": false,
        "json": true,
        "reportDir": "cypress/report/mochawesome-report"
      },
      "version": "5.2.0"
    }
  }
}